19:07:54.162 [main] INFO  cucumber.hooks.DriverInstance - Checking LoanAmount Elements displayed or not
19:07:55.670 [main] INFO  cucumber.hooks.DriverInstance - Year And Month verified
19:07:56.538 [main] INFO  cucumber.hooks.DriverInstance - Checking LoanTenure Elements displayed or not
19:09:18.577 [main] INFO  cucumber.hooks.DriverInstance - Web Page opens
19:09:18.600 [main] INFO  cucumber.hooks.DriverInstance - Tapping CarLoan option
19:09:18.971 [main] INFO  cucumber.hooks.DriverInstance - Entering car loan value
19:09:19.288 [main] INFO  cucumber.hooks.DriverInstance - Entering Interest
19:09:19.565 [main] INFO  cucumber.hooks.DriverInstance - Entering Tenure
19:09:19.873 [main] INFO  cucumber.hooks.DriverInstance - Capturing interest and principle amount for first month
19:10:04.732 [main] INFO  cucumber.hooks.DriverInstance - Web Page opens
19:10:04.734 [main] INFO  cucumber.hooks.DriverInstance - validating HomeLoan
19:10:12.143 [main] INFO  cucumber.hooks.DriverInstance - writing the values in the sheets
09:31:29.206 [main] INFO  cucumber.hooks.DriverInstance - Web Page opens
09:31:29.231 [main] INFO  cucumber.hooks.DriverInstance - Tapping CarLoan option
09:31:29.545 [main] INFO  cucumber.hooks.DriverInstance - Entering car loan value
09:31:29.862 [main] INFO  cucumber.hooks.DriverInstance - Entering Interest
09:31:30.157 [main] INFO  cucumber.hooks.DriverInstance - Entering Tenure
09:31:30.450 [main] INFO  cucumber.hooks.DriverInstance - Capturing interest and principle amount for first month
09:31:47.494 [main] INFO  cucumber.hooks.DriverInstance - Web Page opens
09:31:47.495 [main] INFO  cucumber.hooks.DriverInstance - validating HomeLoan
09:31:55.448 [main] INFO  cucumber.hooks.DriverInstance - writing the values in the sheets
09:33:59.959 [main] INFO  cucumber.hooks.DriverInstance - Web Page opens
09:33:59.993 [main] INFO  cucumber.hooks.DriverInstance - Tapping CarLoan option
09:34:00.335 [main] INFO  cucumber.hooks.DriverInstance - Entering car loan value
09:34:00.659 [main] INFO  cucumber.hooks.DriverInstance - Entering Interest
09:34:00.993 [main] INFO  cucumber.hooks.DriverInstance - Entering Tenure
09:34:01.333 [main] INFO  cucumber.hooks.DriverInstance - Capturing interest and principle amount for first month
09:34:19.292 [main] INFO  cucumber.hooks.DriverInstance - Web Page opens
09:34:19.294 [main] INFO  cucumber.hooks.DriverInstance - validating HomeLoan
09:34:27.391 [main] INFO  cucumber.hooks.DriverInstance - writing the values in the sheets
09:35:11.047 [main] INFO  cucumber.hooks.DriverInstance - Web Page opens
09:35:14.796 [main] INFO  cucumber.hooks.DriverInstance - Checking EMI_Calculator Elements displayed or not
09:35:16.358 [main] INFO  cucumber.hooks.DriverInstance - Year And Month verified
09:35:17.291 [main] INFO  cucumber.hooks.DriverInstance - Checking LoanAmount Elements displayed or not
09:35:18.656 [main] INFO  cucumber.hooks.DriverInstance - Year And Month verified
09:35:19.558 [main] INFO  cucumber.hooks.DriverInstance - Checking LoanTenure Elements displayed or not
09:39:09.392 [TestNG-PoolService-2] INFO  cucumber.hooks.DriverInstance - Web Page opens
09:40:44.137 [TestNG-PoolService-0] INFO  cucumber.hooks.DriverInstance - Web Page opens
09:40:44.149 [TestNG-PoolService-0] INFO  cucumber.hooks.DriverInstance - Tapping CarLoan option
09:42:02.686 [TestNG-PoolService-2] INFO  cucumber.hooks.DriverInstance - Web Page opens
09:42:04.093 [TestNG-PoolService-2] INFO  cucumber.hooks.DriverInstance - Checking EMI_Calculator Elements displayed or not
09:42:04.359 [TestNG-PoolService-1] INFO  cucumber.hooks.DriverInstance - Web Page opens
09:42:04.363 [TestNG-PoolService-1] INFO  cucumber.hooks.DriverInstance - validating HomeLoan
09:42:04.605 [TestNG-PoolService-0] INFO  cucumber.hooks.DriverInstance - Web Page opens
09:42:04.608 [TestNG-PoolService-0] INFO  cucumber.hooks.DriverInstance - Tapping CarLoan option
10:05:41.539 [main] INFO  cucumber.hooks.DriverInstance - Web Page opens
10:05:41.561 [main] INFO  cucumber.hooks.DriverInstance - Tapping CarLoan option
10:05:41.940 [main] INFO  cucumber.hooks.DriverInstance - Entering car loan value
10:05:42.315 [main] INFO  cucumber.hooks.DriverInstance - Entering Interest
10:05:42.672 [main] INFO  cucumber.hooks.DriverInstance - Entering Tenure
10:05:43.022 [main] INFO  cucumber.hooks.DriverInstance - Capturing interest and principle amount for first month
10:06:00.680 [main] INFO  cucumber.hooks.DriverInstance - Web Page opens
10:06:00.684 [main] INFO  cucumber.hooks.DriverInstance - validating HomeLoan
10:06:08.780 [main] INFO  cucumber.hooks.DriverInstance - writing the values in the sheets
10:06:22.627 [main] INFO  cucumber.hooks.DriverInstance - Web Page opens
10:06:23.862 [main] INFO  cucumber.hooks.DriverInstance - Checking EMI_Calculator Elements displayed or not
10:06:25.088 [main] INFO  cucumber.hooks.DriverInstance - Year And Month verified
10:06:25.676 [main] INFO  cucumber.hooks.DriverInstance - Checking LoanAmount Elements displayed or not
